{"level":"info","message":"🚀 Server running on port 5000","timestamp":"2025-08-17 11:02:04"}
{"level":"info","message":"📚 API Documentation available at http://localhost:5000/api-docs","timestamp":"2025-08-17 11:02:04"}
{"level":"info","message":"🔗 Health check: http://localhost:5000/health","timestamp":"2025-08-17 11:02:04"}
{"address":"127.0.0.1","code":"ESOCKET","command":"CONN","errno":-4078,"level":"error","message":"❌ Nodemailer transporter verification failed: connect ECONNREFUSED 127.0.0.1:587","port":587,"stack":"Error: connect ECONNREFUSED 127.0.0.1:587\n    at TCPConnectWrap.afterConnect [as oncomplete] (node:net:1615:16)","syscall":"connect","timestamp":"2025-08-17 11:02:04"}
{"error":{"http_code":401,"message":"api_secret mismatch"},"level":"error","message":"❌ Cloudinary connection error:","query_params":"","request_options":{"auth":"494861241695638:4PXIVQ5y4rvrx2caFGRX_ydtkIS8","hash":null,"headers":{"Content-Type":"application/x-www-form-urlencoded","User-Agent":"CloudinaryNodeJS/2.7.0 (Node 22.12.0)"},"host":"api.cloudinary.com","hostname":"api.cloudinary.com","href":"https://api.cloudinary.com/v1_1/dhvk1yovx/ping?","method":"GET","path":"/v1_1/dhvk1yovx/ping?","pathname":"/v1_1/dhvk1yovx/ping","port":null,"protocol":"https:","query":"","search":"?","slashes":true},"timestamp":"2025-08-17 11:02:06"}
{"level":"info","message":"✅ MongoDB Connected: ac-wijbkya-shard-00-00.fvflzhn.mongodb.net","timestamp":"2025-08-17 11:02:09"}
{"level":"info","message":"🚀 Server running on port 5000","timestamp":"2025-08-17 11:23:03"}
{"level":"info","message":"📚 API Documentation available at http://localhost:5000/api-docs","timestamp":"2025-08-17 11:23:03"}
{"level":"info","message":"🔗 Health check: http://localhost:5000/health","timestamp":"2025-08-17 11:23:03"}
{"error":{"http_code":401,"message":"api_secret mismatch"},"level":"error","message":"❌ Cloudinary connection error:","query_params":"","request_options":{"auth":"494861241695638:4PXIVQ5y4rvrx2caFGRX_ydtkIS8","hash":null,"headers":{"Content-Type":"application/x-www-form-urlencoded","User-Agent":"CloudinaryNodeJS/2.7.0 (Node 22.12.0)"},"host":"api.cloudinary.com","hostname":"api.cloudinary.com","href":"https://api.cloudinary.com/v1_1/dhvk1yovx/ping?","method":"GET","path":"/v1_1/dhvk1yovx/ping?","pathname":"/v1_1/dhvk1yovx/ping","port":null,"protocol":"https:","query":"","search":"?","slashes":true},"timestamp":"2025-08-17 11:23:04"}
{"level":"info","message":"✅ Nodemailer transporter verified successfully","timestamp":"2025-08-17 11:23:05"}
{"level":"info","message":"✅ MongoDB Connected: ac-wijbkya-shard-00-00.fvflzhn.mongodb.net","timestamp":"2025-08-17 11:23:09"}
{"level":"info","message":"🚀 Server running on port 5000","timestamp":"2025-08-17 11:23:42"}
{"level":"info","message":"📚 API Documentation available at http://localhost:5000/api-docs","timestamp":"2025-08-17 11:23:42"}
{"level":"info","message":"🔗 Health check: http://localhost:5000/health","timestamp":"2025-08-17 11:23:42"}
{"error":{"http_code":401,"message":"api_secret mismatch"},"level":"error","message":"❌ Cloudinary connection error:","query_params":"","request_options":{"auth":"494861241695638:4PXIVQ5y4rvrx2caFGRX_ydtkIS8","hash":null,"headers":{"Content-Type":"application/x-www-form-urlencoded","User-Agent":"CloudinaryNodeJS/2.7.0 (Node 22.12.0)"},"host":"api.cloudinary.com","hostname":"api.cloudinary.com","href":"https://api.cloudinary.com/v1_1/dhvk1yovx/ping?","method":"GET","path":"/v1_1/dhvk1yovx/ping?","pathname":"/v1_1/dhvk1yovx/ping","port":null,"protocol":"https:","query":"","search":"?","slashes":true},"timestamp":"2025-08-17 11:23:43"}
{"level":"info","message":"✅ Nodemailer transporter verified successfully","timestamp":"2025-08-17 11:23:44"}
{"level":"info","message":"✅ MongoDB Connected: ac-wijbkya-shard-00-00.fvflzhn.mongodb.net","timestamp":"2025-08-17 11:23:46"}
{"level":"info","message":"🚀 Server running on port 5000","timestamp":"2025-08-17 11:24:02"}
{"level":"info","message":"📚 API Documentation available at http://localhost:5000/api-docs","timestamp":"2025-08-17 11:24:02"}
{"level":"info","message":"🔗 Health check: http://localhost:5000/health","timestamp":"2025-08-17 11:24:02"}
{"error":{"http_code":401,"message":"api_secret mismatch"},"level":"error","message":"❌ Cloudinary connection error:","query_params":"","request_options":{"auth":"494861241695638:4PXIVQ5y4rvrx2caFGRX_ydtkIS8","hash":null,"headers":{"Content-Type":"application/x-www-form-urlencoded","User-Agent":"CloudinaryNodeJS/2.7.0 (Node 22.12.0)"},"host":"api.cloudinary.com","hostname":"api.cloudinary.com","href":"https://api.cloudinary.com/v1_1/dhvk1yovx/ping?","method":"GET","path":"/v1_1/dhvk1yovx/ping?","pathname":"/v1_1/dhvk1yovx/ping","port":null,"protocol":"https:","query":"","search":"?","slashes":true},"timestamp":"2025-08-17 11:24:03"}
{"level":"info","message":"✅ Nodemailer transporter verified successfully","timestamp":"2025-08-17 11:24:04"}
{"level":"info","message":"✅ MongoDB Connected: ac-wijbkya-shard-00-00.fvflzhn.mongodb.net","timestamp":"2025-08-17 11:24:06"}
{"level":"info","message":"🚀 Server running on port 5000","timestamp":"2025-08-17 11:27:59"}
{"level":"info","message":"📚 API Documentation available at http://localhost:5000/api-docs","timestamp":"2025-08-17 11:27:59"}
{"level":"info","message":"🔗 Health check: http://localhost:5000/health","timestamp":"2025-08-17 11:27:59"}
{"error":{"http_code":401,"message":"api_secret mismatch"},"level":"error","message":"❌ Cloudinary connection error:","query_params":"","request_options":{"auth":"494861241695638:4PXIVQ5y4rvrx2caFGRX_ydtkIS8","hash":null,"headers":{"Content-Type":"application/x-www-form-urlencoded","User-Agent":"CloudinaryNodeJS/2.7.0 (Node 22.12.0)"},"host":"api.cloudinary.com","hostname":"api.cloudinary.com","href":"https://api.cloudinary.com/v1_1/dhvk1yovx/ping?","method":"GET","path":"/v1_1/dhvk1yovx/ping?","pathname":"/v1_1/dhvk1yovx/ping","port":null,"protocol":"https:","query":"","search":"?","slashes":true},"timestamp":"2025-08-17 11:28:01"}
{"level":"info","message":"✅ Nodemailer transporter verified successfully","timestamp":"2025-08-17 11:28:01"}
{"level":"info","message":"✅ MongoDB Connected: ac-wijbkya-shard-00-00.fvflzhn.mongodb.net","timestamp":"2025-08-17 11:28:03"}
{"ip":"::1","level":"error","message":"Error occurred: Route / not found","method":"GET","stack":"Error: Route / not found\n    at notFound (file:///C:/Users/mfahadjbr-win/Desktop/Professional_Portfolio/Team-project-website/src/middlewares/notFound.js:5:17)\n    at Layer.handleRequest (C:\\Users\\mfahadjbr-win\\Desktop\\Professional_Portfolio\\Team-project-website\\node_modules\\router\\lib\\layer.js:152:17)\n    at trimPrefix (C:\\Users\\mfahadjbr-win\\Desktop\\Professional_Portfolio\\Team-project-website\\node_modules\\router\\index.js:342:13)\n    at C:\\Users\\mfahadjbr-win\\Desktop\\Professional_Portfolio\\Team-project-website\\node_modules\\router\\index.js:297:9\n    at processParams (C:\\Users\\mfahadjbr-win\\Desktop\\Professional_Portfolio\\Team-project-website\\node_modules\\router\\index.js:582:12)\n    at next (C:\\Users\\mfahadjbr-win\\Desktop\\Professional_Portfolio\\Team-project-website\\node_modules\\router\\index.js:291:5)\n    at urlencodedParser (C:\\Users\\mfahadjbr-win\\Desktop\\Professional_Portfolio\\Team-project-website\\node_modules\\body-parser\\lib\\types\\urlencoded.js:68:7)\n    at Layer.handleRequest (C:\\Users\\mfahadjbr-win\\Desktop\\Professional_Portfolio\\Team-project-website\\node_modules\\router\\lib\\layer.js:152:17)\n    at trimPrefix (C:\\Users\\mfahadjbr-win\\Desktop\\Professional_Portfolio\\Team-project-website\\node_modules\\router\\index.js:342:13)\n    at C:\\Users\\mfahadjbr-win\\Desktop\\Professional_Portfolio\\Team-project-website\\node_modules\\router\\index.js:297:9","timestamp":"2025-08-17 11:28:10","url":"/","userAgent":"Mozilla/5.0 (Windows NT 10.0; Win64; x64) AppleWebKit/537.36 (KHTML, like Gecko) Chrome/139.0.0.0 Safari/537.36"}
{"ip":"::1","level":"error","message":"Error occurred: Route /favicon.ico not found","method":"GET","stack":"Error: Route /favicon.ico not found\n    at notFound (file:///C:/Users/mfahadjbr-win/Desktop/Professional_Portfolio/Team-project-website/src/middlewares/notFound.js:5:17)\n    at Layer.handleRequest (C:\\Users\\mfahadjbr-win\\Desktop\\Professional_Portfolio\\Team-project-website\\node_modules\\router\\lib\\layer.js:152:17)\n    at trimPrefix (C:\\Users\\mfahadjbr-win\\Desktop\\Professional_Portfolio\\Team-project-website\\node_modules\\router\\index.js:342:13)\n    at C:\\Users\\mfahadjbr-win\\Desktop\\Professional_Portfolio\\Team-project-website\\node_modules\\router\\index.js:297:9\n    at processParams (C:\\Users\\mfahadjbr-win\\Desktop\\Professional_Portfolio\\Team-project-website\\node_modules\\router\\index.js:582:12)\n    at next (C:\\Users\\mfahadjbr-win\\Desktop\\Professional_Portfolio\\Team-project-website\\node_modules\\router\\index.js:291:5)\n    at urlencodedParser (C:\\Users\\mfahadjbr-win\\Desktop\\Professional_Portfolio\\Team-project-website\\node_modules\\body-parser\\lib\\types\\urlencoded.js:68:7)\n    at Layer.handleRequest (C:\\Users\\mfahadjbr-win\\Desktop\\Professional_Portfolio\\Team-project-website\\node_modules\\router\\lib\\layer.js:152:17)\n    at trimPrefix (C:\\Users\\mfahadjbr-win\\Desktop\\Professional_Portfolio\\Team-project-website\\node_modules\\router\\index.js:342:13)\n    at C:\\Users\\mfahadjbr-win\\Desktop\\Professional_Portfolio\\Team-project-website\\node_modules\\router\\index.js:297:9","timestamp":"2025-08-17 11:28:11","url":"/favicon.ico","userAgent":"Mozilla/5.0 (Windows NT 10.0; Win64; x64) AppleWebKit/537.36 (KHTML, like Gecko) Chrome/139.0.0.0 Safari/537.36"}
{"level":"info","message":"🚀 Server running on port 5000","timestamp":"2025-08-17 11:30:09"}
{"level":"info","message":"📚 API Documentation available at http://localhost:5000/api-docs","timestamp":"2025-08-17 11:30:09"}
{"level":"info","message":"🔗 Health check: http://localhost:5000/health","timestamp":"2025-08-17 11:30:09"}
{"error":{"http_code":401,"message":"api_secret mismatch"},"level":"error","message":"❌ Cloudinary connection error:","query_params":"","request_options":{"auth":"494861241695638:4PXIVQ5y4rvrx2caFGRX_ydtkIS8","hash":null,"headers":{"Content-Type":"application/x-www-form-urlencoded","User-Agent":"CloudinaryNodeJS/2.7.0 (Node 22.12.0)"},"host":"api.cloudinary.com","hostname":"api.cloudinary.com","href":"https://api.cloudinary.com/v1_1/dhvk1yovx/ping?","method":"GET","path":"/v1_1/dhvk1yovx/ping?","pathname":"/v1_1/dhvk1yovx/ping","port":null,"protocol":"https:","query":"","search":"?","slashes":true},"timestamp":"2025-08-17 11:30:11"}
{"level":"info","message":"✅ Nodemailer transporter verified successfully","timestamp":"2025-08-17 11:30:11"}
{"level":"info","message":"✅ MongoDB Connected: ac-wijbkya-shard-00-00.fvflzhn.mongodb.net","timestamp":"2025-08-17 11:30:14"}
{"level":"info","message":"🚀 Server running on port 5000","timestamp":"2025-08-17 11:30:17"}
{"level":"info","message":"📚 API Documentation available at http://localhost:5000/api-docs","timestamp":"2025-08-17 11:30:17"}
{"level":"info","message":"🔗 Health check: http://localhost:5000/health","timestamp":"2025-08-17 11:30:17"}
{"error":{"http_code":401,"message":"api_secret mismatch"},"level":"error","message":"❌ Cloudinary connection error:","query_params":"","request_options":{"auth":"494861241695638:4PXIVQ5y4rvrx2caFGRX_ydtkIS8","hash":null,"headers":{"Content-Type":"application/x-www-form-urlencoded","User-Agent":"CloudinaryNodeJS/2.7.0 (Node 22.12.0)"},"host":"api.cloudinary.com","hostname":"api.cloudinary.com","href":"https://api.cloudinary.com/v1_1/dhvk1yovx/ping?","method":"GET","path":"/v1_1/dhvk1yovx/ping?","pathname":"/v1_1/dhvk1yovx/ping","port":null,"protocol":"https:","query":"","search":"?","slashes":true},"timestamp":"2025-08-17 11:30:19"}
{"level":"info","message":"✅ Nodemailer transporter verified successfully","timestamp":"2025-08-17 11:30:19"}
{"level":"info","message":"✅ MongoDB Connected: ac-wijbkya-shard-00-00.fvflzhn.mongodb.net","timestamp":"2025-08-17 11:30:22"}
{"level":"info","message":"🚀 Server running on port 5000","timestamp":"2025-08-17 11:30:26"}
{"level":"info","message":"📚 API Documentation available at http://localhost:5000/api-docs","timestamp":"2025-08-17 11:30:26"}
{"level":"info","message":"🔗 Health check: http://localhost:5000/health","timestamp":"2025-08-17 11:30:26"}
{"error":{"http_code":401,"message":"api_secret mismatch"},"level":"error","message":"❌ Cloudinary connection error:","query_params":"","request_options":{"auth":"494861241695638:4PXIVQ5y4rvrx2caFGRX_ydtkIS8","hash":null,"headers":{"Content-Type":"application/x-www-form-urlencoded","User-Agent":"CloudinaryNodeJS/2.7.0 (Node 22.12.0)"},"host":"api.cloudinary.com","hostname":"api.cloudinary.com","href":"https://api.cloudinary.com/v1_1/dhvk1yovx/ping?","method":"GET","path":"/v1_1/dhvk1yovx/ping?","pathname":"/v1_1/dhvk1yovx/ping","port":null,"protocol":"https:","query":"","search":"?","slashes":true},"timestamp":"2025-08-17 11:30:27"}
{"level":"info","message":"✅ Nodemailer transporter verified successfully","timestamp":"2025-08-17 11:30:28"}
{"level":"info","message":"✅ MongoDB Connected: ac-wijbkya-shard-00-00.fvflzhn.mongodb.net","timestamp":"2025-08-17 11:30:30"}
{"level":"info","message":"🚀 Server running on port 5000","timestamp":"2025-08-17 11:30:43"}
{"level":"info","message":"📚 API Documentation available at http://localhost:5000/api-docs","timestamp":"2025-08-17 11:30:43"}
{"level":"info","message":"🔗 Health check: http://localhost:5000/health","timestamp":"2025-08-17 11:30:43"}
{"error":{"http_code":401,"message":"api_secret mismatch"},"level":"error","message":"❌ Cloudinary connection error:","query_params":"","request_options":{"auth":"494861241695638:4PXIVQ5y4rvrx2caFGRX_ydtkIS8","hash":null,"headers":{"Content-Type":"application/x-www-form-urlencoded","User-Agent":"CloudinaryNodeJS/2.7.0 (Node 22.12.0)"},"host":"api.cloudinary.com","hostname":"api.cloudinary.com","href":"https://api.cloudinary.com/v1_1/dhvk1yovx/ping?","method":"GET","path":"/v1_1/dhvk1yovx/ping?","pathname":"/v1_1/dhvk1yovx/ping","port":null,"protocol":"https:","query":"","search":"?","slashes":true},"timestamp":"2025-08-17 11:30:44"}
{"level":"info","message":"✅ Nodemailer transporter verified successfully","timestamp":"2025-08-17 11:30:46"}
{"level":"info","message":"✅ MongoDB Connected: ac-wijbkya-shard-00-00.fvflzhn.mongodb.net","timestamp":"2025-08-17 11:30:46"}
{"ip":"::1","level":"error","message":"Error occurred: Route /admin/users?page=1&limit=10&role=admin not found","method":"GET","stack":"Error: Route /admin/users?page=1&limit=10&role=admin not found\n    at notFound (file:///C:/Users/mfahadjbr-win/Desktop/Professional_Portfolio/Team-project-website/src/middlewares/notFound.js:5:17)\n    at Layer.handleRequest (C:\\Users\\mfahadjbr-win\\Desktop\\Professional_Portfolio\\Team-project-website\\node_modules\\router\\lib\\layer.js:152:17)\n    at trimPrefix (C:\\Users\\mfahadjbr-win\\Desktop\\Professional_Portfolio\\Team-project-website\\node_modules\\router\\index.js:342:13)\n    at C:\\Users\\mfahadjbr-win\\Desktop\\Professional_Portfolio\\Team-project-website\\node_modules\\router\\index.js:297:9\n    at processParams (C:\\Users\\mfahadjbr-win\\Desktop\\Professional_Portfolio\\Team-project-website\\node_modules\\router\\index.js:582:12)\n    at next (C:\\Users\\mfahadjbr-win\\Desktop\\Professional_Portfolio\\Team-project-website\\node_modules\\router\\index.js:291:5)\n    at urlencodedParser (C:\\Users\\mfahadjbr-win\\Desktop\\Professional_Portfolio\\Team-project-website\\node_modules\\body-parser\\lib\\types\\urlencoded.js:68:7)\n    at Layer.handleRequest (C:\\Users\\mfahadjbr-win\\Desktop\\Professional_Portfolio\\Team-project-website\\node_modules\\router\\lib\\layer.js:152:17)\n    at trimPrefix (C:\\Users\\mfahadjbr-win\\Desktop\\Professional_Portfolio\\Team-project-website\\node_modules\\router\\index.js:342:13)\n    at C:\\Users\\mfahadjbr-win\\Desktop\\Professional_Portfolio\\Team-project-website\\node_modules\\router\\index.js:297:9","timestamp":"2025-08-17 11:32:58","url":"/admin/users?page=1&limit=10&role=admin","userAgent":"Mozilla/5.0 (Windows NT 10.0; Win64; x64) AppleWebKit/537.36 (KHTML, like Gecko) Chrome/139.0.0.0 Safari/537.36"}
{"level":"info","message":"🚀 Server running on port 5000","timestamp":"2025-08-17 11:34:24"}
{"level":"info","message":"📚 API Documentation available at http://localhost:5000/api-docs","timestamp":"2025-08-17 11:34:24"}
{"level":"info","message":"🔗 Health check: http://localhost:5000/health","timestamp":"2025-08-17 11:34:24"}
{"error":{"http_code":401,"message":"api_secret mismatch"},"level":"error","message":"❌ Cloudinary connection error:","query_params":"","request_options":{"auth":"494861241695638:4PXIVQ5y4rvrx2caFGRX_ydtkIS8","hash":null,"headers":{"Content-Type":"application/x-www-form-urlencoded","User-Agent":"CloudinaryNodeJS/2.7.0 (Node 22.12.0)"},"host":"api.cloudinary.com","hostname":"api.cloudinary.com","href":"https://api.cloudinary.com/v1_1/dhvk1yovx/ping?","method":"GET","path":"/v1_1/dhvk1yovx/ping?","pathname":"/v1_1/dhvk1yovx/ping","port":null,"protocol":"https:","query":"","search":"?","slashes":true},"timestamp":"2025-08-17 11:34:25"}
{"level":"info","message":"✅ Nodemailer transporter verified successfully","timestamp":"2025-08-17 11:34:26"}
{"level":"info","message":"🚀 Server running on port 5000","timestamp":"2025-08-17 11:34:29"}
{"level":"info","message":"📚 API Documentation available at http://localhost:5000/api-docs","timestamp":"2025-08-17 11:34:29"}
{"level":"info","message":"🔗 Health check: http://localhost:5000/health","timestamp":"2025-08-17 11:34:29"}
{"error":{"http_code":401,"message":"api_secret mismatch"},"level":"error","message":"❌ Cloudinary connection error:","query_params":"","request_options":{"auth":"494861241695638:4PXIVQ5y4rvrx2caFGRX_ydtkIS8","hash":null,"headers":{"Content-Type":"application/x-www-form-urlencoded","User-Agent":"CloudinaryNodeJS/2.7.0 (Node 22.12.0)"},"host":"api.cloudinary.com","hostname":"api.cloudinary.com","href":"https://api.cloudinary.com/v1_1/dhvk1yovx/ping?","method":"GET","path":"/v1_1/dhvk1yovx/ping?","pathname":"/v1_1/dhvk1yovx/ping","port":null,"protocol":"https:","query":"","search":"?","slashes":true},"timestamp":"2025-08-17 11:34:30"}
{"level":"info","message":"✅ Nodemailer transporter verified successfully","timestamp":"2025-08-17 11:34:30"}
{"level":"info","message":"✅ MongoDB Connected: ac-wijbkya-shard-00-00.fvflzhn.mongodb.net","timestamp":"2025-08-17 11:34:33"}
{"level":"info","message":"🚀 Server running on port 5000","timestamp":"2025-08-17 11:40:34"}
{"level":"info","message":"📚 API Documentation available at http://localhost:5000/api-docs","timestamp":"2025-08-17 11:40:34"}
{"level":"info","message":"🔗 Health check: http://localhost:5000/health","timestamp":"2025-08-17 11:40:34"}
{"error":{"http_code":401,"message":"api_secret mismatch"},"level":"error","message":"❌ Cloudinary connection error:","query_params":"","request_options":{"auth":"494861241695638:4PXIVQ5y4rvrx2caFGRX_ydtkIS8","hash":null,"headers":{"Content-Type":"application/x-www-form-urlencoded","User-Agent":"CloudinaryNodeJS/2.7.0 (Node 22.12.0)"},"host":"api.cloudinary.com","hostname":"api.cloudinary.com","href":"https://api.cloudinary.com/v1_1/dhvk1yovx/ping?","method":"GET","path":"/v1_1/dhvk1yovx/ping?","pathname":"/v1_1/dhvk1yovx/ping","port":null,"protocol":"https:","query":"","search":"?","slashes":true},"timestamp":"2025-08-17 11:40:36"}
{"level":"info","message":"✅ Nodemailer transporter verified successfully","timestamp":"2025-08-17 11:40:36"}
{"level":"info","message":"✅ MongoDB Connected: ac-wijbkya-shard-00-00.fvflzhn.mongodb.net","timestamp":"2025-08-17 11:40:39"}
{"level":"info","message":"🚀 Server running on port 5000","timestamp":"2025-08-17 11:44:13"}
{"level":"info","message":"📚 API Documentation available at http://localhost:5000/api-docs","timestamp":"2025-08-17 11:44:13"}
{"level":"info","message":"🔗 Health check: http://localhost:5000/health","timestamp":"2025-08-17 11:44:13"}
{"error":{"http_code":401,"message":"api_secret mismatch"},"level":"error","message":"❌ Cloudinary connection error:","query_params":"","request_options":{"auth":"494861241695638:4PXIVQ5y4rvrx2caFGRX_ydtkIS8","hash":null,"headers":{"Content-Type":"application/x-www-form-urlencoded","User-Agent":"CloudinaryNodeJS/2.7.0 (Node 22.12.0)"},"host":"api.cloudinary.com","hostname":"api.cloudinary.com","href":"https://api.cloudinary.com/v1_1/dhvk1yovx/ping?","method":"GET","path":"/v1_1/dhvk1yovx/ping?","pathname":"/v1_1/dhvk1yovx/ping","port":null,"protocol":"https:","query":"","search":"?","slashes":true},"timestamp":"2025-08-17 11:44:15"}
{"level":"info","message":"✅ Nodemailer transporter verified successfully","timestamp":"2025-08-17 11:44:15"}
{"level":"info","message":"✅ MongoDB Connected: ac-wijbkya-shard-00-00.fvflzhn.mongodb.net","timestamp":"2025-08-17 11:44:17"}
{"ip":"::1","level":"error","message":"Error occurred: Route /admin/users?page=1&limit=10&role=admin not found","method":"GET","stack":"Error: Route /admin/users?page=1&limit=10&role=admin not found\n    at notFound (file:///C:/Users/mfahadjbr-win/Desktop/Professional_Portfolio/Team-project-website/src/middlewares/notFound.js:5:17)\n    at Layer.handleRequest (C:\\Users\\mfahadjbr-win\\Desktop\\Professional_Portfolio\\Team-project-website\\node_modules\\router\\lib\\layer.js:152:17)\n    at trimPrefix (C:\\Users\\mfahadjbr-win\\Desktop\\Professional_Portfolio\\Team-project-website\\node_modules\\router\\index.js:342:13)\n    at C:\\Users\\mfahadjbr-win\\Desktop\\Professional_Portfolio\\Team-project-website\\node_modules\\router\\index.js:297:9\n    at processParams (C:\\Users\\mfahadjbr-win\\Desktop\\Professional_Portfolio\\Team-project-website\\node_modules\\router\\index.js:582:12)\n    at next (C:\\Users\\mfahadjbr-win\\Desktop\\Professional_Portfolio\\Team-project-website\\node_modules\\router\\index.js:291:5)\n    at urlencodedParser (C:\\Users\\mfahadjbr-win\\Desktop\\Professional_Portfolio\\Team-project-website\\node_modules\\body-parser\\lib\\types\\urlencoded.js:68:7)\n    at Layer.handleRequest (C:\\Users\\mfahadjbr-win\\Desktop\\Professional_Portfolio\\Team-project-website\\node_modules\\router\\lib\\layer.js:152:17)\n    at trimPrefix (C:\\Users\\mfahadjbr-win\\Desktop\\Professional_Portfolio\\Team-project-website\\node_modules\\router\\index.js:342:13)\n    at C:\\Users\\mfahadjbr-win\\Desktop\\Professional_Portfolio\\Team-project-website\\node_modules\\router\\index.js:297:9","timestamp":"2025-08-17 11:45:16","url":"/admin/users?page=1&limit=10&role=admin","userAgent":"Mozilla/5.0 (Windows NT 10.0; Win64; x64) AppleWebKit/537.36 (KHTML, like Gecko) Chrome/139.0.0.0 Safari/537.36"}
{"level":"info","message":"🚀 Server running on port 5000","timestamp":"2025-08-17 11:45:24"}
{"level":"info","message":"📚 API Documentation available at http://localhost:5000/api-docs","timestamp":"2025-08-17 11:45:24"}
{"level":"info","message":"🔗 Health check: http://localhost:5000/health","timestamp":"2025-08-17 11:45:24"}
{"error":{"http_code":401,"message":"api_secret mismatch"},"level":"error","message":"❌ Cloudinary connection error:","query_params":"","request_options":{"auth":"494861241695638:4PXIVQ5y4rvrx2caFGRX_ydtkIS8","hash":null,"headers":{"Content-Type":"application/x-www-form-urlencoded","User-Agent":"CloudinaryNodeJS/2.7.0 (Node 22.12.0)"},"host":"api.cloudinary.com","hostname":"api.cloudinary.com","href":"https://api.cloudinary.com/v1_1/dhvk1yovx/ping?","method":"GET","path":"/v1_1/dhvk1yovx/ping?","pathname":"/v1_1/dhvk1yovx/ping","port":null,"protocol":"https:","query":"","search":"?","slashes":true},"timestamp":"2025-08-17 11:45:26"}
{"level":"info","message":"✅ Nodemailer transporter verified successfully","timestamp":"2025-08-17 11:45:26"}
{"level":"info","message":"✅ MongoDB Connected: ac-wijbkya-shard-00-00.fvflzhn.mongodb.net","timestamp":"2025-08-17 11:45:28"}
{"level":"info","message":"🚀 Server running on port 5000","timestamp":"2025-08-17 11:47:44"}
{"level":"info","message":"📚 API Documentation available at http://localhost:5000/api-docs","timestamp":"2025-08-17 11:47:44"}
{"level":"info","message":"🔗 Health check: http://localhost:5000/health","timestamp":"2025-08-17 11:47:44"}
{"error":{"http_code":401,"message":"api_secret mismatch"},"level":"error","message":"❌ Cloudinary connection error:","query_params":"","request_options":{"auth":"494861241695638:4PXIVQ5y4rvrx2caFGRX_ydtkIS8","hash":null,"headers":{"Content-Type":"application/x-www-form-urlencoded","User-Agent":"CloudinaryNodeJS/2.7.0 (Node 22.12.0)"},"host":"api.cloudinary.com","hostname":"api.cloudinary.com","href":"https://api.cloudinary.com/v1_1/dhvk1yovx/ping?","method":"GET","path":"/v1_1/dhvk1yovx/ping?","pathname":"/v1_1/dhvk1yovx/ping","port":null,"protocol":"https:","query":"","search":"?","slashes":true},"timestamp":"2025-08-17 11:47:45"}
{"level":"info","message":"✅ Nodemailer transporter verified successfully","timestamp":"2025-08-17 11:47:46"}
{"level":"info","message":"✅ MongoDB Connected: ac-wijbkya-shard-00-00.fvflzhn.mongodb.net","timestamp":"2025-08-17 11:47:48"}
{"level":"info","message":"🚀 Server running on port 5000","timestamp":"2025-08-17 11:53:12"}
{"level":"info","message":"📚 API Documentation available at http://localhost:5000/api-docs","timestamp":"2025-08-17 11:53:12"}
{"level":"info","message":"🔗 Health check: http://localhost:5000/health","timestamp":"2025-08-17 11:53:12"}
{"error":{"http_code":401,"message":"api_secret mismatch"},"level":"error","message":"❌ Cloudinary connection error:","query_params":"","request_options":{"auth":"494861241695638:4PXIVQ5y4rvrx2caFGRX_ydtkIS8","hash":null,"headers":{"Content-Type":"application/x-www-form-urlencoded","User-Agent":"CloudinaryNodeJS/2.7.0 (Node 22.12.0)"},"host":"api.cloudinary.com","hostname":"api.cloudinary.com","href":"https://api.cloudinary.com/v1_1/dhvk1yovx/ping?","method":"GET","path":"/v1_1/dhvk1yovx/ping?","pathname":"/v1_1/dhvk1yovx/ping","port":null,"protocol":"https:","query":"","search":"?","slashes":true},"timestamp":"2025-08-17 11:53:13"}
{"level":"info","message":"✅ Nodemailer transporter verified successfully","timestamp":"2025-08-17 11:53:13"}
{"level":"info","message":"✅ MongoDB Connected: ac-wijbkya-shard-00-00.fvflzhn.mongodb.net","timestamp":"2025-08-17 11:53:16"}
{"level":"info","message":"🚀 Server running on port 5000","timestamp":"2025-08-17 11:53:50"}
{"level":"info","message":"📚 API Documentation available at http://localhost:5000/api-docs","timestamp":"2025-08-17 11:53:50"}
{"level":"info","message":"🔗 Health check: http://localhost:5000/health","timestamp":"2025-08-17 11:53:50"}
{"error":{"http_code":401,"message":"api_secret mismatch"},"level":"error","message":"❌ Cloudinary connection error:","query_params":"","request_options":{"auth":"494861241695638:4PXIVQ5y4rvrx2caFGRX_ydtkIS8","hash":null,"headers":{"Content-Type":"application/x-www-form-urlencoded","User-Agent":"CloudinaryNodeJS/2.7.0 (Node 22.12.0)"},"host":"api.cloudinary.com","hostname":"api.cloudinary.com","href":"https://api.cloudinary.com/v1_1/dhvk1yovx/ping?","method":"GET","path":"/v1_1/dhvk1yovx/ping?","pathname":"/v1_1/dhvk1yovx/ping","port":null,"protocol":"https:","query":"","search":"?","slashes":true},"timestamp":"2025-08-17 11:53:52"}
{"level":"info","message":"✅ Nodemailer transporter verified successfully","timestamp":"2025-08-17 11:53:52"}
{"level":"info","message":"✅ MongoDB Connected: ac-wijbkya-shard-00-00.fvflzhn.mongodb.net","timestamp":"2025-08-17 11:53:54"}
{"level":"info","message":"🚀 Server running on port 5000","timestamp":"2025-08-17 12:13:58"}
{"level":"info","message":"📚 API Documentation available at http://localhost:5000/api-docs","timestamp":"2025-08-17 12:13:58"}
{"level":"info","message":"🔗 Health check: http://localhost:5000/health","timestamp":"2025-08-17 12:13:58"}
{"error":{"http_code":401,"message":"api_secret mismatch"},"level":"error","message":"❌ Cloudinary connection error:","query_params":"","request_options":{"auth":"494861241695638:4PXIVQ5y4rvrx2caFGRX_ydtkIS8","hash":null,"headers":{"Content-Type":"application/x-www-form-urlencoded","User-Agent":"CloudinaryNodeJS/2.7.0 (Node 22.12.0)"},"host":"api.cloudinary.com","hostname":"api.cloudinary.com","href":"https://api.cloudinary.com/v1_1/dhvk1yovx/ping?","method":"GET","path":"/v1_1/dhvk1yovx/ping?","pathname":"/v1_1/dhvk1yovx/ping","port":null,"protocol":"https:","query":"","search":"?","slashes":true},"timestamp":"2025-08-17 12:13:59"}
{"level":"info","message":"✅ Nodemailer transporter verified successfully","timestamp":"2025-08-17 12:14:00"}
{"level":"info","message":"✅ MongoDB Connected: ac-wijbkya-shard-00-00.fvflzhn.mongodb.net","timestamp":"2025-08-17 12:14:02"}
{"level":"info","message":"🚀 Server running on port 5000","timestamp":"2025-08-17 12:14:12"}
{"level":"info","message":"📚 API Documentation available at http://localhost:5000/api-docs","timestamp":"2025-08-17 12:14:12"}
{"level":"info","message":"🔗 Health check: http://localhost:5000/health","timestamp":"2025-08-17 12:14:12"}
{"error":{"http_code":401,"message":"api_secret mismatch"},"level":"error","message":"❌ Cloudinary connection error:","query_params":"","request_options":{"auth":"494861241695638:4PXIVQ5y4rvrx2caFGRX_ydtkIS8","hash":null,"headers":{"Content-Type":"application/x-www-form-urlencoded","User-Agent":"CloudinaryNodeJS/2.7.0 (Node 22.12.0)"},"host":"api.cloudinary.com","hostname":"api.cloudinary.com","href":"https://api.cloudinary.com/v1_1/dhvk1yovx/ping?","method":"GET","path":"/v1_1/dhvk1yovx/ping?","pathname":"/v1_1/dhvk1yovx/ping","port":null,"protocol":"https:","query":"","search":"?","slashes":true},"timestamp":"2025-08-17 12:14:14"}
{"level":"info","message":"✅ Nodemailer transporter verified successfully","timestamp":"2025-08-17 12:14:14"}
{"level":"info","message":"✅ MongoDB Connected: ac-wijbkya-shard-00-00.fvflzhn.mongodb.net","timestamp":"2025-08-17 12:14:16"}
{"level":"info","message":"🚀 Server running on port 5000","timestamp":"2025-08-17 12:14:28"}
{"level":"info","message":"📚 API Documentation available at http://localhost:5000/api-docs","timestamp":"2025-08-17 12:14:28"}
{"level":"info","message":"🔗 Health check: http://localhost:5000/health","timestamp":"2025-08-17 12:14:28"}
{"error":{"http_code":401,"message":"api_secret mismatch"},"level":"error","message":"❌ Cloudinary connection error:","query_params":"","request_options":{"auth":"494861241695638:4PXIVQ5y4rvrx2caFGRX_ydtkIS8","hash":null,"headers":{"Content-Type":"application/x-www-form-urlencoded","User-Agent":"CloudinaryNodeJS/2.7.0 (Node 22.12.0)"},"host":"api.cloudinary.com","hostname":"api.cloudinary.com","href":"https://api.cloudinary.com/v1_1/dhvk1yovx/ping?","method":"GET","path":"/v1_1/dhvk1yovx/ping?","pathname":"/v1_1/dhvk1yovx/ping","port":null,"protocol":"https:","query":"","search":"?","slashes":true},"timestamp":"2025-08-17 12:14:29"}
{"level":"info","message":"✅ Nodemailer transporter verified successfully","timestamp":"2025-08-17 12:14:30"}
{"level":"info","message":"✅ MongoDB Connected: ac-wijbkya-shard-00-00.fvflzhn.mongodb.net","timestamp":"2025-08-17 12:14:32"}
{"level":"info","message":"🚀 Server running on port 5000","timestamp":"2025-08-17 12:14:58"}
{"level":"info","message":"📚 API Documentation available at http://localhost:5000/api-docs","timestamp":"2025-08-17 12:14:58"}
{"level":"info","message":"🔗 Health check: http://localhost:5000/health","timestamp":"2025-08-17 12:14:58"}
{"error":{"http_code":401,"message":"api_secret mismatch"},"level":"error","message":"❌ Cloudinary connection error:","query_params":"","request_options":{"auth":"494861241695638:4PXIVQ5y4rvrx2caFGRX_ydtkIS8","hash":null,"headers":{"Content-Type":"application/x-www-form-urlencoded","User-Agent":"CloudinaryNodeJS/2.7.0 (Node 22.12.0)"},"host":"api.cloudinary.com","hostname":"api.cloudinary.com","href":"https://api.cloudinary.com/v1_1/dhvk1yovx/ping?","method":"GET","path":"/v1_1/dhvk1yovx/ping?","pathname":"/v1_1/dhvk1yovx/ping","port":null,"protocol":"https:","query":"","search":"?","slashes":true},"timestamp":"2025-08-17 12:15:00"}
{"level":"info","message":"✅ Nodemailer transporter verified successfully","timestamp":"2025-08-17 12:15:00"}
{"level":"info","message":"✅ MongoDB Connected: ac-wijbkya-shard-00-00.fvflzhn.mongodb.net","timestamp":"2025-08-17 12:15:02"}
{"level":"info","message":"🚀 Server running on port 5000","timestamp":"2025-08-17 12:15:12"}
{"level":"info","message":"📚 API Documentation available at http://localhost:5000/api-docs","timestamp":"2025-08-17 12:15:12"}
{"level":"info","message":"🔗 Health check: http://localhost:5000/health","timestamp":"2025-08-17 12:15:12"}
{"error":{"http_code":401,"message":"api_secret mismatch"},"level":"error","message":"❌ Cloudinary connection error:","query_params":"","request_options":{"auth":"494861241695638:4PXIVQ5y4rvrx2caFGRX_ydtkIS8","hash":null,"headers":{"Content-Type":"application/x-www-form-urlencoded","User-Agent":"CloudinaryNodeJS/2.7.0 (Node 22.12.0)"},"host":"api.cloudinary.com","hostname":"api.cloudinary.com","href":"https://api.cloudinary.com/v1_1/dhvk1yovx/ping?","method":"GET","path":"/v1_1/dhvk1yovx/ping?","pathname":"/v1_1/dhvk1yovx/ping","port":null,"protocol":"https:","query":"","search":"?","slashes":true},"timestamp":"2025-08-17 12:15:14"}
{"level":"info","message":"✅ Nodemailer transporter verified successfully","timestamp":"2025-08-17 12:15:14"}
{"level":"info","message":"✅ MongoDB Connected: ac-wijbkya-shard-00-00.fvflzhn.mongodb.net","timestamp":"2025-08-17 12:15:16"}
{"level":"info","message":"🚀 Server running on port 5000","timestamp":"2025-08-17 12:15:45"}
{"level":"info","message":"📚 API Documentation available at http://localhost:5000/api-docs","timestamp":"2025-08-17 12:15:45"}
{"level":"info","message":"🔗 Health check: http://localhost:5000/health","timestamp":"2025-08-17 12:15:45"}
{"error":{"http_code":401,"message":"api_secret mismatch"},"level":"error","message":"❌ Cloudinary connection error:","query_params":"","request_options":{"auth":"494861241695638:4PXIVQ5y4rvrx2caFGRX_ydtkIS8","hash":null,"headers":{"Content-Type":"application/x-www-form-urlencoded","User-Agent":"CloudinaryNodeJS/2.7.0 (Node 22.12.0)"},"host":"api.cloudinary.com","hostname":"api.cloudinary.com","href":"https://api.cloudinary.com/v1_1/dhvk1yovx/ping?","method":"GET","path":"/v1_1/dhvk1yovx/ping?","pathname":"/v1_1/dhvk1yovx/ping","port":null,"protocol":"https:","query":"","search":"?","slashes":true},"timestamp":"2025-08-17 12:15:47"}
{"level":"info","message":"✅ Nodemailer transporter verified successfully","timestamp":"2025-08-17 12:15:47"}
{"level":"info","message":"✅ MongoDB Connected: ac-wijbkya-shard-00-00.fvflzhn.mongodb.net","timestamp":"2025-08-17 12:15:49"}
{"level":"info","message":"🚀 Server running on port 5000","timestamp":"2025-08-17 12:20:52"}
{"level":"info","message":"📚 API Documentation available at http://localhost:5000/api-docs","timestamp":"2025-08-17 12:20:52"}
{"level":"info","message":"🔗 Health check: http://localhost:5000/health","timestamp":"2025-08-17 12:20:52"}
{"error":{"http_code":401,"message":"api_secret mismatch"},"level":"error","message":"❌ Cloudinary connection error:","query_params":"","request_options":{"auth":"494861241695638:4PXIVQ5y4rvrx2caFGRX_ydtkIS8","hash":null,"headers":{"Content-Type":"application/x-www-form-urlencoded","User-Agent":"CloudinaryNodeJS/2.7.0 (Node 22.12.0)"},"host":"api.cloudinary.com","hostname":"api.cloudinary.com","href":"https://api.cloudinary.com/v1_1/dhvk1yovx/ping?","method":"GET","path":"/v1_1/dhvk1yovx/ping?","pathname":"/v1_1/dhvk1yovx/ping","port":null,"protocol":"https:","query":"","search":"?","slashes":true},"timestamp":"2025-08-17 12:20:54"}
{"level":"info","message":"✅ Nodemailer transporter verified successfully","timestamp":"2025-08-17 12:20:54"}
{"level":"info","message":"✅ MongoDB Connected: ac-wijbkya-shard-00-00.fvflzhn.mongodb.net","timestamp":"2025-08-17 12:20:56"}
{"level":"info","message":"🚀 Server running on port 5000","timestamp":"2025-08-17 12:21:02"}
{"level":"info","message":"📚 API Documentation available at http://localhost:5000/api-docs","timestamp":"2025-08-17 12:21:02"}
{"level":"info","message":"🔗 Health check: http://localhost:5000/health","timestamp":"2025-08-17 12:21:02"}
{"error":{"http_code":401,"message":"api_secret mismatch"},"level":"error","message":"❌ Cloudinary connection error:","query_params":"","request_options":{"auth":"494861241695638:4PXIVQ5y4rvrx2caFGRX_ydtkIS8","hash":null,"headers":{"Content-Type":"application/x-www-form-urlencoded","User-Agent":"CloudinaryNodeJS/2.7.0 (Node 22.12.0)"},"host":"api.cloudinary.com","hostname":"api.cloudinary.com","href":"https://api.cloudinary.com/v1_1/dhvk1yovx/ping?","method":"GET","path":"/v1_1/dhvk1yovx/ping?","pathname":"/v1_1/dhvk1yovx/ping","port":null,"protocol":"https:","query":"","search":"?","slashes":true},"timestamp":"2025-08-17 12:21:04"}
{"level":"info","message":"✅ Nodemailer transporter verified successfully","timestamp":"2025-08-17 12:21:04"}
{"level":"info","message":"✅ MongoDB Connected: ac-wijbkya-shard-00-00.fvflzhn.mongodb.net","timestamp":"2025-08-17 12:21:06"}
{"level":"info","message":"🚀 Server running on port 5000","timestamp":"2025-08-17 12:21:12"}
{"level":"info","message":"📚 API Documentation available at http://localhost:5000/api-docs","timestamp":"2025-08-17 12:21:12"}
{"level":"info","message":"🔗 Health check: http://localhost:5000/health","timestamp":"2025-08-17 12:21:12"}
{"error":{"http_code":401,"message":"api_secret mismatch"},"level":"error","message":"❌ Cloudinary connection error:","query_params":"","request_options":{"auth":"494861241695638:4PXIVQ5y4rvrx2caFGRX_ydtkIS8","hash":null,"headers":{"Content-Type":"application/x-www-form-urlencoded","User-Agent":"CloudinaryNodeJS/2.7.0 (Node 22.12.0)"},"host":"api.cloudinary.com","hostname":"api.cloudinary.com","href":"https://api.cloudinary.com/v1_1/dhvk1yovx/ping?","method":"GET","path":"/v1_1/dhvk1yovx/ping?","pathname":"/v1_1/dhvk1yovx/ping","port":null,"protocol":"https:","query":"","search":"?","slashes":true},"timestamp":"2025-08-17 12:21:13"}
{"level":"info","message":"✅ Nodemailer transporter verified successfully","timestamp":"2025-08-17 12:21:14"}
{"level":"info","message":"✅ MongoDB Connected: ac-wijbkya-shard-00-00.fvflzhn.mongodb.net","timestamp":"2025-08-17 12:21:16"}
{"level":"info","message":"🚀 Server running on port 5000","timestamp":"2025-08-17 12:21:22"}
{"level":"info","message":"📚 API Documentation available at http://localhost:5000/api-docs","timestamp":"2025-08-17 12:21:22"}
{"level":"info","message":"🔗 Health check: http://localhost:5000/health","timestamp":"2025-08-17 12:21:22"}
{"error":{"http_code":401,"message":"api_secret mismatch"},"level":"error","message":"❌ Cloudinary connection error:","query_params":"","request_options":{"auth":"494861241695638:4PXIVQ5y4rvrx2caFGRX_ydtkIS8","hash":null,"headers":{"Content-Type":"application/x-www-form-urlencoded","User-Agent":"CloudinaryNodeJS/2.7.0 (Node 22.12.0)"},"host":"api.cloudinary.com","hostname":"api.cloudinary.com","href":"https://api.cloudinary.com/v1_1/dhvk1yovx/ping?","method":"GET","path":"/v1_1/dhvk1yovx/ping?","pathname":"/v1_1/dhvk1yovx/ping","port":null,"protocol":"https:","query":"","search":"?","slashes":true},"timestamp":"2025-08-17 12:21:24"}
{"level":"info","message":"✅ Nodemailer transporter verified successfully","timestamp":"2025-08-17 12:21:24"}
{"level":"info","message":"✅ MongoDB Connected: ac-wijbkya-shard-00-00.fvflzhn.mongodb.net","timestamp":"2025-08-17 12:21:26"}
{"level":"info","message":"🚀 Server running on port 5000","timestamp":"2025-08-17 12:21:30"}
{"level":"info","message":"📚 API Documentation available at http://localhost:5000/api-docs","timestamp":"2025-08-17 12:21:30"}
{"level":"info","message":"🔗 Health check: http://localhost:5000/health","timestamp":"2025-08-17 12:21:30"}
{"error":{"http_code":401,"message":"api_secret mismatch"},"level":"error","message":"❌ Cloudinary connection error:","query_params":"","request_options":{"auth":"494861241695638:4PXIVQ5y4rvrx2caFGRX_ydtkIS8","hash":null,"headers":{"Content-Type":"application/x-www-form-urlencoded","User-Agent":"CloudinaryNodeJS/2.7.0 (Node 22.12.0)"},"host":"api.cloudinary.com","hostname":"api.cloudinary.com","href":"https://api.cloudinary.com/v1_1/dhvk1yovx/ping?","method":"GET","path":"/v1_1/dhvk1yovx/ping?","pathname":"/v1_1/dhvk1yovx/ping","port":null,"protocol":"https:","query":"","search":"?","slashes":true},"timestamp":"2025-08-17 12:21:32"}
{"level":"info","message":"✅ Nodemailer transporter verified successfully","timestamp":"2025-08-17 12:21:32"}
{"level":"info","message":"✅ MongoDB Connected: ac-wijbkya-shard-00-00.fvflzhn.mongodb.net","timestamp":"2025-08-17 12:21:34"}
{"level":"info","message":"🚀 Server running on port 5000","timestamp":"2025-08-17 12:21:47"}
{"level":"info","message":"📚 API Documentation available at http://localhost:5000/api-docs","timestamp":"2025-08-17 12:21:47"}
{"level":"info","message":"🔗 Health check: http://localhost:5000/health","timestamp":"2025-08-17 12:21:47"}
{"error":{"http_code":401,"message":"api_secret mismatch"},"level":"error","message":"❌ Cloudinary connection error:","query_params":"","request_options":{"auth":"494861241695638:4PXIVQ5y4rvrx2caFGRX_ydtkIS8","hash":null,"headers":{"Content-Type":"application/x-www-form-urlencoded","User-Agent":"CloudinaryNodeJS/2.7.0 (Node 22.12.0)"},"host":"api.cloudinary.com","hostname":"api.cloudinary.com","href":"https://api.cloudinary.com/v1_1/dhvk1yovx/ping?","method":"GET","path":"/v1_1/dhvk1yovx/ping?","pathname":"/v1_1/dhvk1yovx/ping","port":null,"protocol":"https:","query":"","search":"?","slashes":true},"timestamp":"2025-08-17 12:21:48"}
{"level":"info","message":"✅ Nodemailer transporter verified successfully","timestamp":"2025-08-17 12:21:48"}
{"level":"info","message":"✅ MongoDB Connected: ac-wijbkya-shard-00-00.fvflzhn.mongodb.net","timestamp":"2025-08-17 12:21:50"}
{"level":"info","message":"🚀 Server running on port 5000","timestamp":"2025-08-17 12:22:01"}
{"level":"info","message":"📚 API Documentation available at http://localhost:5000/api-docs","timestamp":"2025-08-17 12:22:01"}
{"level":"info","message":"🔗 Health check: http://localhost:5000/health","timestamp":"2025-08-17 12:22:01"}
{"error":{"http_code":401,"message":"api_secret mismatch"},"level":"error","message":"❌ Cloudinary connection error:","query_params":"","request_options":{"auth":"494861241695638:4PXIVQ5y4rvrx2caFGRX_ydtkIS8","hash":null,"headers":{"Content-Type":"application/x-www-form-urlencoded","User-Agent":"CloudinaryNodeJS/2.7.0 (Node 22.12.0)"},"host":"api.cloudinary.com","hostname":"api.cloudinary.com","href":"https://api.cloudinary.com/v1_1/dhvk1yovx/ping?","method":"GET","path":"/v1_1/dhvk1yovx/ping?","pathname":"/v1_1/dhvk1yovx/ping","port":null,"protocol":"https:","query":"","search":"?","slashes":true},"timestamp":"2025-08-17 12:22:02"}
{"level":"info","message":"✅ Nodemailer transporter verified successfully","timestamp":"2025-08-17 12:22:03"}
{"level":"info","message":"✅ MongoDB Connected: ac-wijbkya-shard-00-00.fvflzhn.mongodb.net","timestamp":"2025-08-17 12:22:07"}
{"level":"info","message":"🚀 Server running on port 5000","timestamp":"2025-08-17 12:22:21"}
{"level":"info","message":"📚 API Documentation available at http://localhost:5000/api-docs","timestamp":"2025-08-17 12:22:21"}
{"level":"info","message":"🔗 Health check: http://localhost:5000/health","timestamp":"2025-08-17 12:22:21"}
{"error":{"http_code":401,"message":"api_secret mismatch"},"level":"error","message":"❌ Cloudinary connection error:","query_params":"","request_options":{"auth":"494861241695638:4PXIVQ5y4rvrx2caFGRX_ydtkIS8","hash":null,"headers":{"Content-Type":"application/x-www-form-urlencoded","User-Agent":"CloudinaryNodeJS/2.7.0 (Node 22.12.0)"},"host":"api.cloudinary.com","hostname":"api.cloudinary.com","href":"https://api.cloudinary.com/v1_1/dhvk1yovx/ping?","method":"GET","path":"/v1_1/dhvk1yovx/ping?","pathname":"/v1_1/dhvk1yovx/ping","port":null,"protocol":"https:","query":"","search":"?","slashes":true},"timestamp":"2025-08-17 12:22:22"}
{"level":"info","message":"✅ Nodemailer transporter verified successfully","timestamp":"2025-08-17 12:22:22"}
{"level":"info","message":"✅ MongoDB Connected: ac-wijbkya-shard-00-00.fvflzhn.mongodb.net","timestamp":"2025-08-17 12:22:24"}
{"level":"info","message":"🚀 Server running on port 5000","timestamp":"2025-08-17 12:22:29"}
{"level":"info","message":"📚 API Documentation available at http://localhost:5000/api-docs","timestamp":"2025-08-17 12:22:29"}
{"level":"info","message":"🔗 Health check: http://localhost:5000/health","timestamp":"2025-08-17 12:22:29"}
{"error":{"http_code":401,"message":"api_secret mismatch"},"level":"error","message":"❌ Cloudinary connection error:","query_params":"","request_options":{"auth":"494861241695638:4PXIVQ5y4rvrx2caFGRX_ydtkIS8","hash":null,"headers":{"Content-Type":"application/x-www-form-urlencoded","User-Agent":"CloudinaryNodeJS/2.7.0 (Node 22.12.0)"},"host":"api.cloudinary.com","hostname":"api.cloudinary.com","href":"https://api.cloudinary.com/v1_1/dhvk1yovx/ping?","method":"GET","path":"/v1_1/dhvk1yovx/ping?","pathname":"/v1_1/dhvk1yovx/ping","port":null,"protocol":"https:","query":"","search":"?","slashes":true},"timestamp":"2025-08-17 12:22:31"}
{"level":"info","message":"✅ Nodemailer transporter verified successfully","timestamp":"2025-08-17 12:22:31"}
{"level":"info","message":"✅ MongoDB Connected: ac-wijbkya-shard-00-00.fvflzhn.mongodb.net","timestamp":"2025-08-17 12:22:33"}
{"level":"info","message":"🚀 Server running on port 5000","timestamp":"2025-08-17 12:22:36"}
{"level":"info","message":"📚 API Documentation available at http://localhost:5000/api-docs","timestamp":"2025-08-17 12:22:36"}
{"level":"info","message":"🔗 Health check: http://localhost:5000/health","timestamp":"2025-08-17 12:22:36"}
{"error":{"http_code":401,"message":"api_secret mismatch"},"level":"error","message":"❌ Cloudinary connection error:","query_params":"","request_options":{"auth":"494861241695638:4PXIVQ5y4rvrx2caFGRX_ydtkIS8","hash":null,"headers":{"Content-Type":"application/x-www-form-urlencoded","User-Agent":"CloudinaryNodeJS/2.7.0 (Node 22.12.0)"},"host":"api.cloudinary.com","hostname":"api.cloudinary.com","href":"https://api.cloudinary.com/v1_1/dhvk1yovx/ping?","method":"GET","path":"/v1_1/dhvk1yovx/ping?","pathname":"/v1_1/dhvk1yovx/ping","port":null,"protocol":"https:","query":"","search":"?","slashes":true},"timestamp":"2025-08-17 12:22:38"}
{"level":"info","message":"✅ Nodemailer transporter verified successfully","timestamp":"2025-08-17 12:22:38"}
{"level":"info","message":"✅ MongoDB Connected: ac-wijbkya-shard-00-00.fvflzhn.mongodb.net","timestamp":"2025-08-17 12:22:40"}
{"level":"info","message":"🚀 Server running on port 5000","timestamp":"2025-08-17 12:22:52"}
{"level":"info","message":"📚 API Documentation available at http://localhost:5000/api-docs","timestamp":"2025-08-17 12:22:52"}
{"level":"info","message":"🔗 Health check: http://localhost:5000/health","timestamp":"2025-08-17 12:22:52"}
{"error":{"http_code":401,"message":"api_secret mismatch"},"level":"error","message":"❌ Cloudinary connection error:","query_params":"","request_options":{"auth":"494861241695638:4PXIVQ5y4rvrx2caFGRX_ydtkIS8","hash":null,"headers":{"Content-Type":"application/x-www-form-urlencoded","User-Agent":"CloudinaryNodeJS/2.7.0 (Node 22.12.0)"},"host":"api.cloudinary.com","hostname":"api.cloudinary.com","href":"https://api.cloudinary.com/v1_1/dhvk1yovx/ping?","method":"GET","path":"/v1_1/dhvk1yovx/ping?","pathname":"/v1_1/dhvk1yovx/ping","port":null,"protocol":"https:","query":"","search":"?","slashes":true},"timestamp":"2025-08-17 12:22:53"}
{"level":"info","message":"✅ Nodemailer transporter verified successfully","timestamp":"2025-08-17 12:22:54"}
{"level":"info","message":"✅ MongoDB Connected: ac-wijbkya-shard-00-00.fvflzhn.mongodb.net","timestamp":"2025-08-17 12:22:56"}
{"level":"info","message":"🚀 Server running on port 5000","timestamp":"2025-08-17 12:23:19"}
{"level":"info","message":"📚 API Documentation available at http://localhost:5000/api-docs","timestamp":"2025-08-17 12:23:19"}
{"level":"info","message":"🔗 Health check: http://localhost:5000/health","timestamp":"2025-08-17 12:23:19"}
{"error":{"http_code":401,"message":"api_secret mismatch"},"level":"error","message":"❌ Cloudinary connection error:","query_params":"","request_options":{"auth":"494861241695638:4PXIVQ5y4rvrx2caFGRX_ydtkIS8","hash":null,"headers":{"Content-Type":"application/x-www-form-urlencoded","User-Agent":"CloudinaryNodeJS/2.7.0 (Node 22.12.0)"},"host":"api.cloudinary.com","hostname":"api.cloudinary.com","href":"https://api.cloudinary.com/v1_1/dhvk1yovx/ping?","method":"GET","path":"/v1_1/dhvk1yovx/ping?","pathname":"/v1_1/dhvk1yovx/ping","port":null,"protocol":"https:","query":"","search":"?","slashes":true},"timestamp":"2025-08-17 12:23:21"}
{"level":"info","message":"✅ Nodemailer transporter verified successfully","timestamp":"2025-08-17 12:23:21"}
{"level":"info","message":"✅ MongoDB Connected: ac-wijbkya-shard-00-00.fvflzhn.mongodb.net","timestamp":"2025-08-17 12:23:23"}
{"level":"info","message":"🚀 Server running on port 5000","timestamp":"2025-08-17 12:23:52"}
{"level":"info","message":"📚 API Documentation available at http://localhost:5000/api-docs","timestamp":"2025-08-17 12:23:52"}
{"level":"info","message":"🔗 Health check: http://localhost:5000/health","timestamp":"2025-08-17 12:23:52"}
{"error":{"http_code":401,"message":"api_secret mismatch"},"level":"error","message":"❌ Cloudinary connection error:","query_params":"","request_options":{"auth":"494861241695638:4PXIVQ5y4rvrx2caFGRX_ydtkIS8","hash":null,"headers":{"Content-Type":"application/x-www-form-urlencoded","User-Agent":"CloudinaryNodeJS/2.7.0 (Node 22.12.0)"},"host":"api.cloudinary.com","hostname":"api.cloudinary.com","href":"https://api.cloudinary.com/v1_1/dhvk1yovx/ping?","method":"GET","path":"/v1_1/dhvk1yovx/ping?","pathname":"/v1_1/dhvk1yovx/ping","port":null,"protocol":"https:","query":"","search":"?","slashes":true},"timestamp":"2025-08-17 12:23:54"}
{"level":"info","message":"✅ Nodemailer transporter verified successfully","timestamp":"2025-08-17 12:23:54"}
{"level":"info","message":"✅ MongoDB Connected: ac-wijbkya-shard-00-00.fvflzhn.mongodb.net","timestamp":"2025-08-17 12:23:56"}
{"level":"info","message":"🚀 Server running on port 5000","timestamp":"2025-08-17 12:25:57"}
{"level":"info","message":"📚 API Documentation available at http://localhost:5000/api-docs","timestamp":"2025-08-17 12:25:57"}
{"level":"info","message":"🔗 Health check: http://localhost:5000/health","timestamp":"2025-08-17 12:25:57"}
{"error":{"http_code":401,"message":"api_secret mismatch"},"level":"error","message":"❌ Cloudinary connection error:","query_params":"","request_options":{"auth":"494861241695638:4PXIVQ5y4rvrx2caFGRX_ydtkIS8","hash":null,"headers":{"Content-Type":"application/x-www-form-urlencoded","User-Agent":"CloudinaryNodeJS/2.7.0 (Node 22.12.0)"},"host":"api.cloudinary.com","hostname":"api.cloudinary.com","href":"https://api.cloudinary.com/v1_1/dhvk1yovx/ping?","method":"GET","path":"/v1_1/dhvk1yovx/ping?","pathname":"/v1_1/dhvk1yovx/ping","port":null,"protocol":"https:","query":"","search":"?","slashes":true},"timestamp":"2025-08-17 12:25:58"}
{"level":"info","message":"✅ Nodemailer transporter verified successfully","timestamp":"2025-08-17 12:25:59"}
{"level":"info","message":"✅ MongoDB Connected: ac-wijbkya-shard-00-00.fvflzhn.mongodb.net","timestamp":"2025-08-17 12:26:01"}
{"level":"info","message":"🚀 Server running on port 5000","timestamp":"2025-08-17 12:26:46"}
{"level":"info","message":"📚 API Documentation available at http://localhost:5000/api-docs","timestamp":"2025-08-17 12:26:46"}
{"level":"info","message":"🔗 Health check: http://localhost:5000/health","timestamp":"2025-08-17 12:26:46"}
{"error":{"http_code":401,"message":"api_secret mismatch"},"level":"error","message":"❌ Cloudinary connection error:","query_params":"","request_options":{"auth":"494861241695638:4PXIVQ5y4rvrx2caFGRX_ydtkIS8","hash":null,"headers":{"Content-Type":"application/x-www-form-urlencoded","User-Agent":"CloudinaryNodeJS/2.7.0 (Node 22.12.0)"},"host":"api.cloudinary.com","hostname":"api.cloudinary.com","href":"https://api.cloudinary.com/v1_1/dhvk1yovx/ping?","method":"GET","path":"/v1_1/dhvk1yovx/ping?","pathname":"/v1_1/dhvk1yovx/ping","port":null,"protocol":"https:","query":"","search":"?","slashes":true},"timestamp":"2025-08-17 12:26:47"}
{"level":"info","message":"✅ Nodemailer transporter verified successfully","timestamp":"2025-08-17 12:26:48"}
{"level":"info","message":"✅ MongoDB Connected: ac-wijbkya-shard-00-00.fvflzhn.mongodb.net","timestamp":"2025-08-17 12:26:50"}
{"level":"info","message":"🚀 Server running on port 5000","timestamp":"2025-08-17 12:27:51"}
{"level":"info","message":"📚 API Documentation available at http://localhost:5000/api-docs","timestamp":"2025-08-17 12:27:51"}
{"level":"info","message":"🔗 Health check: http://localhost:5000/health","timestamp":"2025-08-17 12:27:51"}
{"error":{"http_code":401,"message":"api_secret mismatch"},"level":"error","message":"❌ Cloudinary connection error:","query_params":"","request_options":{"auth":"494861241695638:4PXIVQ5y4rvrx2caFGRX_ydtkIS8","hash":null,"headers":{"Content-Type":"application/x-www-form-urlencoded","User-Agent":"CloudinaryNodeJS/2.7.0 (Node 22.12.0)"},"host":"api.cloudinary.com","hostname":"api.cloudinary.com","href":"https://api.cloudinary.com/v1_1/dhvk1yovx/ping?","method":"GET","path":"/v1_1/dhvk1yovx/ping?","pathname":"/v1_1/dhvk1yovx/ping","port":null,"protocol":"https:","query":"","search":"?","slashes":true},"timestamp":"2025-08-17 12:27:53"}
{"level":"info","message":"✅ Nodemailer transporter verified successfully","timestamp":"2025-08-17 12:27:53"}
{"level":"info","message":"✅ MongoDB Connected: ac-wijbkya-shard-00-00.fvflzhn.mongodb.net","timestamp":"2025-08-17 12:27:55"}
{"level":"info","message":"🚀 Server running on port 5000","timestamp":"2025-08-17 12:28:00"}
{"level":"info","message":"📚 API Documentation available at http://localhost:5000/api-docs","timestamp":"2025-08-17 12:28:00"}
{"level":"info","message":"🔗 Health check: http://localhost:5000/health","timestamp":"2025-08-17 12:28:00"}
{"level":"info","message":"🚀 Server running on port 5000","timestamp":"2025-08-17 12:28:02"}
{"level":"info","message":"📚 API Documentation available at http://localhost:5000/api-docs","timestamp":"2025-08-17 12:28:02"}
{"level":"info","message":"🔗 Health check: http://localhost:5000/health","timestamp":"2025-08-17 12:28:02"}
{"error":{"http_code":401,"message":"api_secret mismatch"},"level":"error","message":"❌ Cloudinary connection error:","query_params":"","request_options":{"auth":"494861241695638:4PXIVQ5y4rvrx2caFGRX_ydtkIS8","hash":null,"headers":{"Content-Type":"application/x-www-form-urlencoded","User-Agent":"CloudinaryNodeJS/2.7.0 (Node 22.12.0)"},"host":"api.cloudinary.com","hostname":"api.cloudinary.com","href":"https://api.cloudinary.com/v1_1/dhvk1yovx/ping?","method":"GET","path":"/v1_1/dhvk1yovx/ping?","pathname":"/v1_1/dhvk1yovx/ping","port":null,"protocol":"https:","query":"","search":"?","slashes":true},"timestamp":"2025-08-17 12:28:04"}
{"level":"info","message":"✅ Nodemailer transporter verified successfully","timestamp":"2025-08-17 12:28:04"}
{"level":"info","message":"✅ MongoDB Connected: ac-wijbkya-shard-00-00.fvflzhn.mongodb.net","timestamp":"2025-08-17 12:28:06"}
{"level":"info","message":"🚀 Server running on port 5000","timestamp":"2025-08-17 12:28:32"}
{"level":"info","message":"📚 API Documentation available at http://localhost:5000/api-docs","timestamp":"2025-08-17 12:28:32"}
{"level":"info","message":"🔗 Health check: http://localhost:5000/health","timestamp":"2025-08-17 12:28:32"}
{"error":{"http_code":401,"message":"api_secret mismatch"},"level":"error","message":"❌ Cloudinary connection error:","query_params":"","request_options":{"auth":"494861241695638:4PXIVQ5y4rvrx2caFGRX_ydtkIS8","hash":null,"headers":{"Content-Type":"application/x-www-form-urlencoded","User-Agent":"CloudinaryNodeJS/2.7.0 (Node 22.12.0)"},"host":"api.cloudinary.com","hostname":"api.cloudinary.com","href":"https://api.cloudinary.com/v1_1/dhvk1yovx/ping?","method":"GET","path":"/v1_1/dhvk1yovx/ping?","pathname":"/v1_1/dhvk1yovx/ping","port":null,"protocol":"https:","query":"","search":"?","slashes":true},"timestamp":"2025-08-17 12:28:33"}
{"level":"info","message":"✅ Nodemailer transporter verified successfully","timestamp":"2025-08-17 12:28:34"}
{"level":"info","message":"✅ MongoDB Connected: ac-wijbkya-shard-00-00.fvflzhn.mongodb.net","timestamp":"2025-08-17 12:28:36"}
{"level":"info","message":"🚀 Server running on port 5000","timestamp":"2025-08-17 12:29:38"}
{"level":"info","message":"📚 API Documentation available at http://localhost:5000/api-docs","timestamp":"2025-08-17 12:29:38"}
{"level":"info","message":"🔗 Health check: http://localhost:5000/health","timestamp":"2025-08-17 12:29:38"}
{"error":{"http_code":401,"message":"api_secret mismatch"},"level":"error","message":"❌ Cloudinary connection error:","query_params":"","request_options":{"auth":"494861241695638:4PXIVQ5y4rvrx2caFGRX_ydtkIS8","hash":null,"headers":{"Content-Type":"application/x-www-form-urlencoded","User-Agent":"CloudinaryNodeJS/2.7.0 (Node 22.12.0)"},"host":"api.cloudinary.com","hostname":"api.cloudinary.com","href":"https://api.cloudinary.com/v1_1/dhvk1yovx/ping?","method":"GET","path":"/v1_1/dhvk1yovx/ping?","pathname":"/v1_1/dhvk1yovx/ping","port":null,"protocol":"https:","query":"","search":"?","slashes":true},"timestamp":"2025-08-17 12:29:40"}
{"level":"info","message":"✅ Nodemailer transporter verified successfully","timestamp":"2025-08-17 12:29:40"}
{"level":"info","message":"✅ MongoDB Connected: ac-wijbkya-shard-00-00.fvflzhn.mongodb.net","timestamp":"2025-08-17 12:29:43"}
{"level":"info","message":"🚀 Server running on port 5000","timestamp":"2025-08-17 12:32:31"}
{"level":"info","message":"📚 API Documentation available at http://localhost:5000/api-docs","timestamp":"2025-08-17 12:32:31"}
{"level":"info","message":"🔗 Health check: http://localhost:5000/health","timestamp":"2025-08-17 12:32:31"}
{"error":{"http_code":401,"message":"api_secret mismatch"},"level":"error","message":"❌ Cloudinary connection error:","query_params":"","request_options":{"auth":"494861241695638:4PXIVQ5y4rvrx2caFGRX_ydtkIS8","hash":null,"headers":{"Content-Type":"application/x-www-form-urlencoded","User-Agent":"CloudinaryNodeJS/2.7.0 (Node 22.12.0)"},"host":"api.cloudinary.com","hostname":"api.cloudinary.com","href":"https://api.cloudinary.com/v1_1/dhvk1yovx/ping?","method":"GET","path":"/v1_1/dhvk1yovx/ping?","pathname":"/v1_1/dhvk1yovx/ping","port":null,"protocol":"https:","query":"","search":"?","slashes":true},"timestamp":"2025-08-17 12:32:33"}
{"level":"info","message":"✅ Nodemailer transporter verified successfully","timestamp":"2025-08-17 12:32:33"}
{"level":"info","message":"✅ MongoDB Connected: ac-wijbkya-shard-00-00.fvflzhn.mongodb.net","timestamp":"2025-08-17 12:32:35"}
{"ip":"::1","level":"error","message":"Error occurred: Route /api/v1/auth/me not found","method":"GET","stack":"Error: Route /api/v1/auth/me not found\n    at notFound (file:///C:/Users/mfahadjbr-win/Desktop/Professional_Portfolio/Team-project-website/src/middlewares/notFound.js:5:17)\n    at Layer.handleRequest (C:\\Users\\mfahadjbr-win\\Desktop\\Professional_Portfolio\\Team-project-website\\node_modules\\router\\lib\\layer.js:152:17)\n    at trimPrefix (C:\\Users\\mfahadjbr-win\\Desktop\\Professional_Portfolio\\Team-project-website\\node_modules\\router\\index.js:342:13)\n    at C:\\Users\\mfahadjbr-win\\Desktop\\Professional_Portfolio\\Team-project-website\\node_modules\\router\\index.js:297:9\n    at processParams (C:\\Users\\mfahadjbr-win\\Desktop\\Professional_Portfolio\\Team-project-website\\node_modules\\router\\index.js:582:12)\n    at next (C:\\Users\\mfahadjbr-win\\Desktop\\Professional_Portfolio\\Team-project-website\\node_modules\\router\\index.js:291:5)\n    at C:\\Users\\mfahadjbr-win\\Desktop\\Professional_Portfolio\\Team-project-website\\node_modules\\router\\index.js:688:15\n    at next (C:\\Users\\mfahadjbr-win\\Desktop\\Professional_Portfolio\\Team-project-website\\node_modules\\router\\index.js:276:14)\n    at Function.handle (C:\\Users\\mfahadjbr-win\\Desktop\\Professional_Portfolio\\Team-project-website\\node_modules\\router\\index.js:186:3)\n    at router (C:\\Users\\mfahadjbr-win\\Desktop\\Professional_Portfolio\\Team-project-website\\node_modules\\router\\index.js:60:12)","timestamp":"2025-08-17 12:32:59","url":"/api/v1/auth/me","userAgent":"Mozilla/5.0 (Windows NT 10.0; Win64; x64) AppleWebKit/537.36 (KHTML, like Gecko) Chrome/139.0.0.0 Safari/537.36"}
{"level":"info","message":"OTP email sent to mfahadjbr@gmail.com:","timestamp":"2025-08-17 12:34:32"}
{"level":"info","message":"New user registered: mfahadjbr (mfahadjbr@gmail.com)","timestamp":"2025-08-17 12:34:32"}
{"level":"info","message":"Public projects search performed: 0 results found","timestamp":"2025-08-17 12:34:33"}
{"level":"info","message":"Public projects search performed: 0 results found","timestamp":"2025-08-17 12:34:34"}
{"level":"info","message":"Public projects search performed: 0 results found","timestamp":"2025-08-17 12:38:44"}
{"level":"info","message":"Public projects search performed: 0 results found","timestamp":"2025-08-17 12:38:45"}
{"level":"info","message":"OTP email sent to mfahadjbr1@gmail.com:","timestamp":"2025-08-17 12:41:55"}
{"level":"info","message":"New user registered: mfahadjbr1 (mfahadjbr1@gmail.com)","timestamp":"2025-08-17 12:41:55"}
{"level":"info","message":"Public projects search performed: 0 results found","timestamp":"2025-08-17 12:41:56"}
{"level":"info","message":"Public projects search performed: 0 results found","timestamp":"2025-08-17 12:41:57"}
{"ip":"::1","level":"error","message":"Error occurred: Route /auth/register not found","method":"POST","stack":"Error: Route /auth/register not found\n    at notFound (file:///C:/Users/mfahadjbr-win/Desktop/Professional_Portfolio/Team-project-website/src/middlewares/notFound.js:5:17)\n    at Layer.handleRequest (C:\\Users\\mfahadjbr-win\\Desktop\\Professional_Portfolio\\Team-project-website\\node_modules\\router\\lib\\layer.js:152:17)\n    at trimPrefix (C:\\Users\\mfahadjbr-win\\Desktop\\Professional_Portfolio\\Team-project-website\\node_modules\\router\\index.js:342:13)\n    at C:\\Users\\mfahadjbr-win\\Desktop\\Professional_Portfolio\\Team-project-website\\node_modules\\router\\index.js:297:9\n    at processParams (C:\\Users\\mfahadjbr-win\\Desktop\\Professional_Portfolio\\Team-project-website\\node_modules\\router\\index.js:582:12)\n    at next (C:\\Users\\mfahadjbr-win\\Desktop\\Professional_Portfolio\\Team-project-website\\node_modules\\router\\index.js:291:5)\n    at urlencodedParser (C:\\Users\\mfahadjbr-win\\Desktop\\Professional_Portfolio\\Team-project-website\\node_modules\\body-parser\\lib\\types\\urlencoded.js:57:7)\n    at Layer.handleRequest (C:\\Users\\mfahadjbr-win\\Desktop\\Professional_Portfolio\\Team-project-website\\node_modules\\router\\lib\\layer.js:152:17)\n    at trimPrefix (C:\\Users\\mfahadjbr-win\\Desktop\\Professional_Portfolio\\Team-project-website\\node_modules\\router\\index.js:342:13)\n    at C:\\Users\\mfahadjbr-win\\Desktop\\Professional_Portfolio\\Team-project-website\\node_modules\\router\\index.js:297:9","timestamp":"2025-08-17 12:44:14","url":"/auth/register","userAgent":"Mozilla/5.0 (Windows NT 10.0; Win64; x64) AppleWebKit/537.36 (KHTML, like Gecko) Chrome/139.0.0.0 Safari/537.36"}
